<?xml version="1.0" encoding="UTF-8"?>
<testsuite name="Task2Test" tests="1" skipped="0" failures="0" errors="0" timestamp="2020-02-14T08:38:21" hostname="Principals-MBP" time="0.295">
  <properties/>
  <testcase name="start" classname="Task2Test" time="0.295"/>
  <system-out><![CDATA[?[1;31m
Start test 1?[0m
>park KA-01-HH-1234 White
White car parked on the spot 2.
?[1;31m
Start test 2?[0m
>leave 1
Spot 1 is free.
?[1;31m
Start test 3?[0m
>leave 2
There is no car in the spot 2.
?[1;31m
Start test 4?[0m
>park KA-01-HH-1234 Red
Red car parked on the spot 2.
?[1;31m
Start test 5?[0m
>park 1ABC234 Blue
Blue car parked on the spot 2.
]]></system-out>
  <system-err><![CDATA[]]></system-err>
</testsuite>
