<?xml version="1.0" encoding="UTF-8"?>
<testsuite name="Task4Test" tests="1" skipped="0" failures="0" errors="0" timestamp="2020-02-15T15:01:17" hostname="Principals-MBP" time="0.198">
  <properties/>
  <testcase name="start" classname="Task4Test" time="0.198"/>
  <system-out><![CDATA[?[1;31m
Start test 1?[0m
>park KA-01-HH-9999 White
Sorry, parking lot is not created.
>create 3
Created a parking lot with 3 spots.
>status
Parking lot is empty.
>park KA-01-HH-9999 White
White car parked on the spot 1.
>park KA-01-HH-3672 Green
Green car parked on the spot 2.
>park Rs-P-N-21 Red
Red car parked on the spot 3.
>leave 2
Spot 2 is free.
>status
1 KA-01-HH-9999 White
3 Rs-P-N-21 Red
>exit
?[1;31m
Start test 2?[0m
>park KA-01-HH-9999 White
Sorry, parking lot is not created.
>leave 1
Sorry, parking lot is not created.
>status
Sorry, parking lot is not created.
>exit
?[1;31m
Start test 3?[0m
>create 3
Created a parking lot with 3 spots.
>park KA-01-HH-9999 White
White car parked on the spot 1.
>park KA-01-HH-9998 Red
Red car parked on the spot 2.
>status
1 KA-01-HH-9999 White
2 KA-01-HH-9998 Red
>create 1
Created a parking lot with 1 spots.
>status
Parking lot is empty.
>park KA-01-HH-9999 Black
Black car parked on the spot 1.
>status
1 KA-01-HH-9999 Black
>park KA-01-HH-9998 Black
Sorry, parking lot is full.
>exit
]]></system-out>
  <system-err><![CDATA[]]></system-err>
</testsuite>
